#
# A fatal error has been detected by the Java Runtime Environment:
#
#  EXCEPTION_ACCESS_VIOLATION (0xc0000005) at pc=0x0000000072ec9535, pid=2052, tid=12644
#
# JRE version: Java(TM) SE Runtime Environment (8.0_20-b26) (build 1.8.0_20-b26)
# Java VM: Java HotSpot(TM) 64-Bit Server VM (25.20-b23 mixed mode windows-amd64 compressed oops)
# Problematic frame:
# V  [jvm.dll+0x119535]
#
# Failed to write core dump. Minidumps are not enabled by default on client versions of Windows
#
# If you would like to submit a bug report, please visit:
#   http://bugreport.sun.com/bugreport/crash.jsp
#

---------------  T H R E A D  ---------------

Current thread (0x0000000016c58000):  JavaThread "JDWP Transport Listener: dt_socket" daemon [_thread_in_vm, id=12644, stack(0x00000000184f0000,0x00000000185f0000)]

siginfo: ExceptionCode=0xc0000005, reading address 0xffffffffffffffff

Registers:
RAX=0x00000000185ef301, RBX=0x0000000016c58000, RCX=0x746e6f436c6f7274, RDX=0x0000000000000000
RSP=0x00000000185ef390, RBP=0x746e6f436c6f7274, RSI=0x00000000185ef4a8, RDI=0x0000000000908990
R8 =0x0000000016c58000, R9 =0x0000000000008000, R10=0x0000000000000000, R11=0x00000000185ef69f
R12=0x0000000000000000, R13=0x0000000016c619f8, R14=0x0000000000000000, R15=0x0000000000000000
RIP=0x0000000072ec9535, EFLAGS=0x0000000000010206

Top of Stack: (sp=0x00000000185ef390)
0x00000000185ef390:   0000000016c58000 0000000016c58000
0x00000000185ef3a0:   00000000185ef458 00000000730c655b
0x00000000185ef3b0:   0000000016c58000 00000000730e2dbd
0x00000000185ef3c0:   0000000000000000 0000000072d89149
0x00000000185ef3d0:   000000001dded618 0000000072d92912
0x00000000185ef3e0:   0000000016c58000 0000000000000000
0x00000000185ef3f0:   0000000000000000 0000000000000000
0x00000000185ef400:   746e6f436c6f7274 0000000072d91a09
0x00000000185ef410:   00000000185ef4a8 00000000185ef480
0x00000000185ef420:   0000000000000001 000000001dded618
0x00000000185ef430:   746e6f436c6f7274 0000000072d753b3
0x00000000185ef440:   00000000185ef570 0000000000000001
0x00000000185ef450:   0000000000000001 000000001dded618
0x00000000185ef460:   0000000000000001 0000000000000000
0x00000000185ef470:   0000000000000000 0000000000000000
0x00000000185ef480:   0000000000000001 0000000072d75571 

Instructions: (pc=0x0000000072ec9535)
0x0000000072ec9515:   cc cc cc cc cc cc cc cc cc cc cc 48 83 ec 28 48
0x0000000072ec9525:   85 c9 75 07 33 c0 48 83 c4 28 c3 48 89 5c 24 20
0x0000000072ec9535:   48 8b 19 48 85 db 74 20 48 83 fb 37 74 1a 48 8b
0x0000000072ec9545:   13 48 8b cb ff 52 10 84 c0 74 0d 48 8b c3 48 8b 


Register to memory mapping:

RAX=0x00000000185ef301 is pointing into the stack for thread: 0x0000000016c58000
RBX=0x0000000016c58000 is a thread
RCX=0x746e6f436c6f7274 is an unknown value
RDX=0x0000000000000000 is an unknown value
RSP=0x00000000185ef390 is pointing into the stack for thread: 0x0000000016c58000
RBP=0x746e6f436c6f7274 is an unknown value
RSI=0x00000000185ef4a8 is pointing into the stack for thread: 0x0000000016c58000
RDI=0x0000000000908990 is an unknown value
R8 =0x0000000016c58000 is a thread
R9 =0x0000000000008000 is an unknown value
R10=0x0000000000000000 is an unknown value
R11=0x00000000185ef69f is pointing into the stack for thread: 0x0000000016c58000
R12=0x0000000000000000 is an unknown value
R13=0x0000000016c619f8 is an unknown value
R14=0x0000000000000000 is an unknown value
R15=0x0000000000000000 is an unknown value


Stack: [0x00000000184f0000,0x00000000185f0000],  sp=0x00000000185ef390,  free space=1020k
Native frames: (J=compiled Java code, j=interpreted, Vv=VM code, C=native code)
V  [jvm.dll+0x119535]
V  [jvm.dll+0x332dbd]
C  [jdwp.dll+0x21a09]
C  [jdwp.dll+0x53b3]
C  [jdwp.dll+0x5571]
C  [jdwp.dll+0xf09c]
C  [jdwp.dll+0x1f2c9]
C  [jdwp.dll+0x1f49e]
V  [jvm.dll+0x1aaa18]
V  [jvm.dll+0x22aac4]
V  [jvm.dll+0x283f5a]
C  [msvcr100.dll+0x21d9f]
C  [msvcr100.dll+0x21e3b]
C  [KERNEL32.DLL+0x8364]
C  [ntdll.dll+0x67091]


---------------  P R O C E S S  ---------------

Java Threads: ( => current thread )
  0x000000001ca9c000 JavaThread "http-nio-8080-exec-1" daemon [_thread_blocked, id=2620, stack(0x00000000256e0000,0x00000000257e0000)]
  0x000000001caa2800 JavaThread "http-nio-8080-AsyncTimeout" daemon [_thread_blocked, id=5016, stack(0x00000000255e0000,0x00000000256e0000)]
  0x000000001ca9e000 JavaThread "http-nio-8080-Acceptor-0" daemon [_thread_in_native, id=11176, stack(0x00000000254e0000,0x00000000255e0000)]
  0x000000001caa2000 JavaThread "http-nio-8080-ClientPoller-1" daemon [_thread_in_native, id=11460, stack(0x00000000253e0000,0x00000000254e0000)]
  0x000000001ca9d800 JavaThread "http-nio-8080-ClientPoller-0" daemon [_thread_in_native, id=13196, stack(0x00000000252e0000,0x00000000253e0000)]
  0x000000001ca9a800 JavaThread "NioBlockingSelector.BlockPoller-3" daemon [_thread_in_native, id=8512, stack(0x00000000251e0000,0x00000000252e0000)]
  0x000000001caa1000 JavaThread "File Watcher" daemon [_thread_blocked, id=4928, stack(0x00000000250e0000,0x00000000251e0000)]
  0x000000001ca9b000 JavaThread "container-0" [_thread_blocked, id=10900, stack(0x0000000024fe0000,0x00000000250e0000)]
  0x000000001ca9f000 JavaThread "ContainerBackgroundProcessor[StandardEngine[Tomcat]]" daemon [_thread_blocked, id=204, stack(0x0000000024ee0000,0x0000000024fe0000)]
  0x000000001d58a800 JavaThread "DestroyJavaVM" [_thread_blocked, id=1116, stack(0x0000000001f20000,0x0000000002020000)]
  0x000000001947a800 JavaThread "Live Reload Server" daemon [_thread_in_native, id=12484, stack(0x000000001f810000,0x000000001f910000)]
  0x0000000018b36800 JavaThread "Service Thread" daemon [_thread_blocked, id=6628, stack(0x0000000018ef0000,0x0000000018ff0000)]
  0x0000000016c7c800 JavaThread "C1 CompilerThread2" daemon [_thread_blocked, id=1616, stack(0x00000000189f0000,0x0000000018af0000)]
  0x0000000016c7b000 JavaThread "C2 CompilerThread1" daemon [_thread_blocked, id=10384, stack(0x00000000188f0000,0x00000000189f0000)]
  0x0000000016c75800 JavaThread "C2 CompilerThread0" daemon [_thread_blocked, id=10380, stack(0x00000000187f0000,0x00000000188f0000)]
  0x0000000016c68800 JavaThread "JDWP Command Reader" daemon [_thread_in_native, id=11960, stack(0x00000000186f0000,0x00000000187f0000)]
  0x0000000016c64800 JavaThread "JDWP Event Helper Thread" daemon [_thread_blocked, id=1400, stack(0x00000000185f0000,0x00000000186f0000)]
=>0x0000000016c58000 JavaThread "JDWP Transport Listener: dt_socket" daemon [_thread_in_vm, id=12644, stack(0x00000000184f0000,0x00000000185f0000)]
  0x0000000016c4f800 JavaThread "Attach Listener" daemon [_thread_blocked, id=10016, stack(0x00000000180b0000,0x00000000181b0000)]
  0x0000000016c4e800 JavaThread "Signal Dispatcher" daemon [_thread_blocked, id=11420, stack(0x0000000017fb0000,0x00000000180b0000)]
  0x0000000002117000 JavaThread "Finalizer" daemon [_thread_blocked, id=10604, stack(0x0000000017ea0000,0x0000000017fa0000)]
  0x000000000210e000 JavaThread "Reference Handler" daemon [_thread_blocked, id=4104, stack(0x0000000017da0000,0x0000000017ea0000)]

Other Threads:
  0x0000000016c16000 VMThread [stack: 0x0000000017ca0000,0x0000000017da0000] [id=10780]
  0x0000000018b4b000 WatcherThread [stack: 0x0000000018ff0000,0x00000000190f0000] [id=9864]

VM state:not at safepoint (normal execution)

VM Mutex/Monitor currently owned by a thread: None

Heap:
 PSYoungGen      total 192000K, used 115486K [0x00000000d6000000, 0x00000000e2a80000, 0x0000000100000000)
  eden space 176640K, 65% used [0x00000000d6000000,0x00000000dd0c7b20,0x00000000e0c80000)
  from space 15360K, 0% used [0x00000000e1b80000,0x00000000e1b80000,0x00000000e2a80000)
  to   space 15360K, 0% used [0x00000000e0c80000,0x00000000e0c80000,0x00000000e1b80000)
 ParOldGen       total 102400K, used 20157K [0x0000000082000000, 0x0000000088400000, 0x00000000d6000000)
  object space 102400K, 19% used [0x0000000082000000,0x00000000833af658,0x0000000088400000)
 Metaspace       used 36224K, capacity 36720K, committed 36904K, reserved 1081344K
  class space    used 4306K, capacity 4444K, committed 4480K, reserved 1048576K

Card table byte_map: [0x00000000114f0000,0x00000000118f0000] byte_map_base: 0x00000000110e0000

Marking Bits: (ParMarkBitMap*) 0x000000007358b460
 Begin Bits: [0x0000000011f90000, 0x0000000013f10000)
 End Bits:   [0x0000000013f10000, 0x0000000015e90000)

Polling page: 0x0000000001ef0000

CodeCache: size=245760Kb used=17043Kb max_used=17055Kb free=228716Kb
 bounds [0x0000000002130000, 0x00000000031f0000, 0x0000000011130000]
 total_blobs=4573 nmethods=4133 adapters=361
 compilation: enabled

Compilation events (10 events):
Event: 1352.818 Thread 0x0000000016c75800 4920   !   4       org.apache.tomcat.util.net.NioEndpoint$Poller::events (81 bytes)
Event: 1352.838 Thread 0x0000000016c75800 nmethod 4920 0x00000000031e8850 code [0x00000000031e8a00, 0x00000000031e9448]
Event: 1358.684 Thread 0x0000000016c7b000 4921       4       java.util.AbstractCollection::containsAll (38 bytes)
Event: 1358.687 Thread 0x0000000016c7b000 nmethod 4921 0x00000000031dd8d0 code [0x00000000031dda20, 0x00000000031ddb38]
Event: 1364.731 Thread 0x0000000016c75800 4922   !   4       java.util.AbstractSet::equals (48 bytes)
Event: 1364.739 Thread 0x0000000016c75800 nmethod 4922 0x00000000031e2d50 code [0x00000000031e2ea0, 0x00000000031e3078]
Event: 1365.735 Thread 0x0000000016c7b000 4923       4       org.springframework.boot.devtools.filewatch.FolderSnapshot::filter (72 bytes)
Event: 1365.736 Thread 0x0000000016c7b000 nmethod 4923 0x00000000030f5050 code [0x00000000030f5180, 0x00000000030f51f8]
Event: 1368.792 Thread 0x0000000016c75800 4924       4       java.util.Collections$UnmodifiableCollection::iterator (9 bytes)
Event: 1368.794 Thread 0x0000000016c75800 nmethod 4924 0x00000000031e2a10 code [0x00000000031e2b60, 0x00000000031e2c78]

GC Heap History (10 events):
Event: 168.800 GC heap before
{Heap before GC invocations=10 (full 2):
 PSYoungGen      total 145408K, used 11236K [0x00000000d6000000, 0x00000000e2900000, 0x0000000100000000)
  eden space 134144K, 0% used [0x00000000d6000000,0x00000000d6000000,0x00000000de300000)
  from space 11264K, 99% used [0x00000000df100000,0x00000000dfbf9090,0x00000000dfc00000)
  to   space 14336K, 0% used [0x00000000de300000,0x00000000de300000,0x00000000df100000)
 ParOldGen       total 65024K, used 15847K [0x0000000082000000, 0x0000000085f80000, 0x00000000d6000000)
  object space 65024K, 24% used [0x0000000082000000,0x0000000082f79d30,0x0000000085f80000)
 Metaspace       used 34920K, capacity 35226K, committed 35496K, reserved 1081344K
  class space    used 4233K, capacity 4298K, committed 4352K, reserved 1048576K
Event: 168.924 GC heap after
Heap after GC invocations=10 (full 2):
 PSYoungGen      total 145408K, used 0K [0x00000000d6000000, 0x00000000e2900000, 0x0000000100000000)
  eden space 134144K, 0% used [0x00000000d6000000,0x00000000d6000000,0x00000000de300000)
  from space 11264K, 0% used [0x00000000df100000,0x00000000df100000,0x00000000dfc00000)
  to   space 14336K, 0% used [0x00000000de300000,0x00000000de300000,0x00000000df100000)
 ParOldGen       total 102400K, used 23343K [0x0000000082000000, 0x0000000088400000, 0x00000000d6000000)
  object space 102400K, 22% used [0x0000000082000000,0x00000000836cbff0,0x0000000088400000)
 Metaspace       used 34920K, capacity 35226K, committed 35496K, reserved 1081344K
  class space    used 4233K, capacity 4298K, committed 4352K, reserved 1048576K
}
Event: 1162.629 GC heap before
{Heap before GC invocations=11 (full 2):
 PSYoungGen      total 145408K, used 86582K [0x00000000d6000000, 0x00000000e2900000, 0x0000000100000000)
  eden space 134144K, 64% used [0x00000000d6000000,0x00000000db48d9f0,0x00000000de300000)
  from space 11264K, 0% used [0x00000000df100000,0x00000000df100000,0x00000000dfc00000)
  to   space 14336K, 0% used [0x00000000de300000,0x00000000de300000,0x00000000df100000)
 ParOldGen       total 102400K, used 23343K [0x0000000082000000, 0x0000000088400000, 0x00000000d6000000)
  object space 102400K, 22% used [0x0000000082000000,0x00000000836cbff0,0x0000000088400000)
 Metaspace       used 35186K, capacity 35520K, committed 35752K, reserved 1081344K
  class space    used 4253K, capacity 4332K, committed 4352K, reserved 1048576K
Event: 1162.632 GC heap after
Heap after GC invocations=11 (full 2):
 PSYoungGen      total 148480K, used 160K [0x00000000d6000000, 0x00000000e2a80000, 0x0000000100000000)
  eden space 134144K, 0% used [0x00000000d6000000,0x00000000d6000000,0x00000000de300000)
  from space 14336K, 1% used [0x00000000de300000,0x00000000de328000,0x00000000df100000)
  to   space 15360K, 0% used [0x00000000e1b80000,0x00000000e1b80000,0x00000000e2a80000)
 ParOldGen       total 102400K, used 23351K [0x0000000082000000, 0x0000000088400000, 0x00000000d6000000)
  object space 102400K, 22% used [0x0000000082000000,0x00000000836cdff0,0x0000000088400000)
 Metaspace       used 35186K, capacity 35520K, committed 35752K, reserved 1081344K
  class space    used 4253K, capacity 4332K, committed 4352K, reserved 1048576K
}
Event: 1162.632 GC heap before
{Heap before GC invocations=12 (full 3):
 PSYoungGen      total 148480K, used 160K [0x00000000d6000000, 0x00000000e2a80000, 0x0000000100000000)
  eden space 134144K, 0% used [0x00000000d6000000,0x00000000d6000000,0x00000000de300000)
  from space 14336K, 1% used [0x00000000de300000,0x00000000de328000,0x00000000df100000)
  to   space 15360K, 0% used [0x00000000e1b80000,0x00000000e1b80000,0x00000000e2a80000)
 ParOldGen       total 102400K, used 23351K [0x0000000082000000, 0x0000000088400000, 0x00000000d6000000)
  object space 102400K, 22% used [0x0000000082000000,0x00000000836cdff0,0x0000000088400000)
 Metaspace       used 35186K, capacity 35520K, committed 35752K, reserved 1081344K
  class space    used 4253K, capacity 4332K, committed 4352K, reserved 1048576K
Event: 1162.791 GC heap after
Heap after GC invocations=12 (full 3):
 PSYoungGen      total 148480K, used 0K [0x00000000d6000000, 0x00000000e2a80000, 0x0000000100000000)
  eden space 134144K, 0% used [0x00000000d6000000,0x00000000d6000000,0x00000000de300000)
  from space 14336K, 0% used [0x00000000de300000,0x00000000de300000,0x00000000df100000)
  to   space 15360K, 0% used [0x00000000e1b80000,0x00000000e1b80000,0x00000000e2a80000)
 ParOldGen       total 102400K, used 19006K [0x0000000082000000, 0x0000000088400000, 0x00000000d6000000)
  object space 102400K, 18% used [0x0000000082000000,0x000000008328fbc0,0x0000000088400000)
 Metaspace       used 35186K, capacity 35520K, committed 35752K, reserved 1081344K
  class space    used 4253K, capacity 4332K, committed 4352K, reserved 1048576K
}
Event: 1325.063 GC heap before
{Heap before GC invocations=13 (full 3):
 PSYoungGen      total 148480K, used 114374K [0x00000000d6000000, 0x00000000e2a80000, 0x0000000100000000)
  eden space 134144K, 85% used [0x00000000d6000000,0x00000000dcfb1a38,0x00000000de300000)
  from space 14336K, 0% used [0x00000000de300000,0x00000000de300000,0x00000000df100000)
  to   space 15360K, 0% used [0x00000000e1b80000,0x00000000e1b80000,0x00000000e2a80000)
 ParOldGen       total 102400K, used 19006K [0x0000000082000000, 0x0000000088400000, 0x00000000d6000000)
  object space 102400K, 18% used [0x0000000082000000,0x000000008328fbc0,0x0000000088400000)
 Metaspace       used 35723K, capacity 36134K, committed 36392K, reserved 1081344K
  class space    used 4271K, capacity 4354K, committed 4480K, reserved 1048576K
Event: 1325.069 GC heap after
Heap after GC invocations=13 (full 3):
 PSYoungGen      total 192000K, used 2963K [0x00000000d6000000, 0x00000000e2a80000, 0x0000000100000000)
  eden space 176640K, 0% used [0x00000000d6000000,0x00000000d6000000,0x00000000e0c80000)
  from space 15360K, 19% used [0x00000000e1b80000,0x00000000e1e64e78,0x00000000e2a80000)
  to   space 15360K, 0% used [0x00000000e0c80000,0x00000000e0c80000,0x00000000e1b80000)
 ParOldGen       total 102400K, used 19014K [0x0000000082000000, 0x0000000088400000, 0x00000000d6000000)
  object space 102400K, 18% used [0x0000000082000000,0x0000000083291bc0,0x0000000088400000)
 Metaspace       used 35723K, capacity 36134K, committed 36392K, reserved 1081344K
  class space    used 4271K, capacity 4354K, committed 4480K, reserved 1048576K
}
Event: 1325.069 GC heap before
{Heap before GC invocations=14 (full 4):
 PSYoungGen      total 192000K, used 2963K [0x00000000d6000000, 0x00000000e2a80000, 0x0000000100000000)
  eden space 176640K, 0% used [0x00000000d6000000,0x00000000d6000000,0x00000000e0c80000)
  from space 15360K, 19% used [0x00000000e1b80000,0x00000000e1e64e78,0x00000000e2a80000)
  to   space 15360K, 0% used [0x00000000e0c80000,0x00000000e0c80000,0x00000000e1b80000)
 ParOldGen       total 102400K, used 19014K [0x0000000082000000, 0x0000000088400000, 0x00000000d6000000)
  object space 102400K, 18% used [0x0000000082000000,0x0000000083291bc0,0x0000000088400000)
 Metaspace       used 35723K, capacity 36134K, committed 36392K, reserved 1081344K
  class space    used 4271K, capacity 4354K, committed 4480K, reserved 1048576K
Event: 1325.268 GC heap after
Heap after GC invocations=14 (full 4):
 PSYoungGen      total 192000K, used 0K [0x00000000d6000000, 0x00000000e2a80000, 0x0000000100000000)
  eden space 176640K, 0% used [0x00000000d6000000,0x00000000d6000000,0x00000000e0c80000)
  from space 15360K, 0% used [0x00000000e1b80000,0x00000000e1b80000,0x00000000e2a80000)
  to   space 15360K, 0% used [0x00000000e0c80000,0x00000000e0c80000,0x00000000e1b80000)
 ParOldGen       total 102400K, used 20157K [0x0000000082000000, 0x0000000088400000, 0x00000000d6000000)
  object space 102400K, 19% used [0x0000000082000000,0x00000000833af658,0x0000000088400000)
 Metaspace       used 35721K, capacity 36128K, committed 36392K, reserved 1081344K
  class space    used 4270K, capacity 4352K, committed 4480K, reserved 1048576K
}

Deoptimization events (10 events):
Event: 1349.788 Thread 0x000000001ca9c000 Uncommon trap: reason=unhandled action=none pc=0x00000000029f2f14 method=java.net.URLClassLoader$1.run()Ljava/lang/Class; @ 72
Event: 1349.789 Thread 0x000000001ca9c000 Uncommon trap: reason=unhandled action=none pc=0x00000000029f2f14 method=java.net.URLClassLoader$1.run()Ljava/lang/Class; @ 72
Event: 1349.790 Thread 0x000000001ca9c000 Uncommon trap: reason=unhandled action=none pc=0x00000000029f2f14 method=java.net.URLClassLoader$1.run()Ljava/lang/Class; @ 72
Event: 1349.791 Thread 0x000000001ca9c000 Uncommon trap: reason=unhandled action=none pc=0x00000000029f2f14 method=java.net.URLClassLoader$1.run()Ljava/lang/Class; @ 72
Event: 1349.797 Thread 0x000000001ca9c000 Uncommon trap: reason=unhandled action=none pc=0x00000000029f2f14 method=java.net.URLClassLoader$1.run()Ljava/lang/Class; @ 72
Event: 1349.799 Thread 0x000000001ca9c000 Uncommon trap: reason=unhandled action=none pc=0x00000000029f2f14 method=java.net.URLClassLoader$1.run()Ljava/lang/Class; @ 72
Event: 1349.800 Thread 0x000000001ca9c000 Uncommon trap: reason=unhandled action=none pc=0x00000000029f2f14 method=java.net.URLClassLoader$1.run()Ljava/lang/Class; @ 72
Event: 1378.028 Thread 0x0000000016c58000 Uncommon trap: reason=unhandled action=none pc=0x00000000029f2f14 method=java.net.URLClassLoader$1.run()Ljava/lang/Class; @ 72
Event: 1378.029 Thread 0x0000000016c58000 Uncommon trap: reason=unhandled action=none pc=0x00000000029f2f14 method=java.net.URLClassLoader$1.run()Ljava/lang/Class; @ 72
Event: 1378.030 Thread 0x0000000016c58000 Uncommon trap: reason=unhandled action=none pc=0x00000000029f2f14 method=java.net.URLClassLoader$1.run()Ljava/lang/Class; @ 72

Internal exceptions (10 events):
Event: 1349.788 Thread 0x000000001ca9c000 Exception <a 'java/security/PrivilegedActionException'> (0x00000000dcd04e78) thrown at [D:\re\workspace\8-2-build-windows-amd64-cygwin\jdk8u20\1074\hotspot\src\share\vm\prims\jvm.cpp, line 1275]
Event: 1349.789 Thread 0x000000001ca9c000 Exception <a 'java/security/PrivilegedActionException'> (0x00000000dcd09e18) thrown at [D:\re\workspace\8-2-build-windows-amd64-cygwin\jdk8u20\1074\hotspot\src\share\vm\prims\jvm.cpp, line 1275]
Event: 1349.790 Thread 0x000000001ca9c000 Exception <a 'java/security/PrivilegedActionException'> (0x00000000dcd0f4c8) thrown at [D:\re\workspace\8-2-build-windows-amd64-cygwin\jdk8u20\1074\hotspot\src\share\vm\prims\jvm.cpp, line 1275]
Event: 1349.791 Thread 0x000000001ca9c000 Exception <a 'java/security/PrivilegedActionException'> (0x00000000dcd376f0) thrown at [D:\re\workspace\8-2-build-windows-amd64-cygwin\jdk8u20\1074\hotspot\src\share\vm\prims\jvm.cpp, line 1275]
Event: 1349.798 Thread 0x000000001ca9c000 Exception <a 'java/security/PrivilegedActionException'> (0x00000000dcd3d500) thrown at [D:\re\workspace\8-2-build-windows-amd64-cygwin\jdk8u20\1074\hotspot\src\share\vm\prims\jvm.cpp, line 1275]
Event: 1349.799 Thread 0x000000001ca9c000 Exception <a 'java/security/PrivilegedActionException'> (0x00000000dcd44f88) thrown at [D:\re\workspace\8-2-build-windows-amd64-cygwin\jdk8u20\1074\hotspot\src\share\vm\prims\jvm.cpp, line 1275]
Event: 1349.800 Thread 0x000000001ca9c000 Exception <a 'java/security/PrivilegedActionException'> (0x00000000dcd4c740) thrown at [D:\re\workspace\8-2-build-windows-amd64-cygwin\jdk8u20\1074\hotspot\src\share\vm\prims\jvm.cpp, line 1275]
Event: 1378.028 Thread 0x0000000016c58000 Exception <a 'java/security/PrivilegedActionException'> (0x00000000dd00dec0) thrown at [D:\re\workspace\8-2-build-windows-amd64-cygwin\jdk8u20\1074\hotspot\src\share\vm\prims\jvm.cpp, line 1275]
Event: 1378.029 Thread 0x0000000016c58000 Exception <a 'java/security/PrivilegedActionException'> (0x00000000dd00ee30) thrown at [D:\re\workspace\8-2-build-windows-amd64-cygwin\jdk8u20\1074\hotspot\src\share\vm\prims\jvm.cpp, line 1275]
Event: 1378.030 Thread 0x0000000016c58000 Exception <a 'java/security/PrivilegedActionException'> (0x00000000dd00fda8) thrown at [D:\re\workspace\8-2-build-windows-amd64-cygwin\jdk8u20\1074\hotspot\src\share\vm\prims\jvm.cpp, line 1275]

Events (10 events):
Event: 1378.029 Thread 0x0000000016c58000 DEOPT UNPACKING pc=0x000000000217556a sp=0x00000000185eca98 mode 2
Event: 1378.029 Thread 0x0000000016c58000 DEOPT PACKING pc=0x0000000002eae0ac sp=0x00000000185ed730
Event: 1378.029 Thread 0x0000000016c58000 DEOPT UNPACKING pc=0x00000000021775bf sp=0x00000000185ed3d0 mode 1
Event: 1378.030 Thread 0x0000000016c58000 Uncommon trap: trap_request=0xffffffa7 fr.pc=0x00000000029f2f14
Event: 1378.030 Thread 0x0000000016c58000 DEOPT PACKING pc=0x00000000029f2f14 sp=0x00000000185eca50
Event: 1378.030 Thread 0x0000000016c58000 DEOPT UNPACKING pc=0x000000000217556a sp=0x00000000185eca98 mode 2
Event: 1378.030 Thread 0x0000000016c58000 DEOPT PACKING pc=0x0000000002eae0ac sp=0x00000000185ed730
Event: 1378.030 Thread 0x0000000016c58000 DEOPT UNPACKING pc=0x00000000021775bf sp=0x00000000185ed3d0 mode 1
Event: 1378.030 Executing VM operation: RedefineClasses
Event: 1378.127 Executing VM operation: RedefineClasses done


Dynamic libraries:
0x00007ff65d770000 - 0x00007ff65d7a4000 	C:\Program Files\Java\jdk1.8.0_20\bin\javaw.exe
0x00007ffcc5ae0000 - 0x00007ffcc5cb2000 	C:\Windows\SYSTEM32\ntdll.dll
0x00007ffcc3120000 - 0x00007ffcc31cc000 	C:\Windows\System32\KERNEL32.DLL
0x00007ffcbad60000 - 0x00007ffcbad94000 	C:\Program Files (x86)\AVG\Antivirus\x64\aswhooka.dll
0x00007ffcc2c30000 - 0x00007ffcc2e4d000 	C:\Windows\System32\KERNELBASE.dll
0x00007ffcc5520000 - 0x00007ffcc55c2000 	C:\Windows\System32\ADVAPI32.dll
0x00007ffcc31d0000 - 0x00007ffcc326e000 	C:\Windows\System32\msvcrt.dll
0x00007ffcc3270000 - 0x00007ffcc32c9000 	C:\Windows\System32\sechost.dll
0x00007ffcc34e0000 - 0x00007ffcc3601000 	C:\Windows\System32\RPCRT4.dll
0x00007ffcc55d0000 - 0x00007ffcc5735000 	C:\Windows\System32\USER32.dll
0x00007ffcc3050000 - 0x00007ffcc306e000 	C:\Windows\System32\win32u.dll
0x00007ffcc59a0000 - 0x00007ffcc59d4000 	C:\Windows\System32\GDI32.dll
0x00007ffcc2050000 - 0x00007ffcc21d0000 	C:\Windows\System32\gdi32full.dll
0x00007ffcb8050000 - 0x00007ffcb82ca000 	C:\Windows\WinSxS\amd64_microsoft.windows.common-controls_6595b64144ccf1df_6.0.14393.953_none_42151e83c686086b\COMCTL32.dll
0x00007ffcc5160000 - 0x00007ffcc5428000 	C:\Windows\System32\combase.dll
0x00007ffcc21d0000 - 0x00007ffcc22c5000 	C:\Windows\System32\ucrtbase.dll
0x00007ffcc1fe0000 - 0x00007ffcc204a000 	C:\Windows\System32\bcryptPrimitives.dll
0x00007ffcc58a0000 - 0x00007ffcc58ce000 	C:\Windows\System32\IMM32.DLL
0x0000000073610000 - 0x00000000736e2000 	C:\Program Files\Java\jdk1.8.0_20\jre\bin\msvcr100.dll
0x0000000072db0000 - 0x0000000073608000 	C:\Program Files\Java\jdk1.8.0_20\jre\bin\server\jvm.dll
0x00007ffcc58d0000 - 0x00007ffcc58d8000 	C:\Windows\System32\PSAPI.DLL
0x00007ffcb3680000 - 0x00007ffcb3689000 	C:\Windows\SYSTEM32\WSOCK32.dll
0x00007ffcc54b0000 - 0x00007ffcc551a000 	C:\Windows\System32\WS2_32.dll
0x00007ffcc0190000 - 0x00007ffcc01b3000 	C:\Windows\SYSTEM32\WINMM.dll
0x00007ffcc0130000 - 0x00007ffcc015b000 	C:\Windows\SYSTEM32\WINMMBASE.dll
0x00007ffcc2e50000 - 0x00007ffcc2e92000 	C:\Windows\System32\cfgmgr32.dll
0x00000000748d0000 - 0x00000000748df000 	C:\Program Files\Java\jdk1.8.0_20\jre\bin\verify.dll
0x00000000748a0000 - 0x00000000748c8000 	C:\Program Files\Java\jdk1.8.0_20\jre\bin\java.dll
0x0000000072d70000 - 0x0000000072da5000 	C:\Program Files\Java\jdk1.8.0_20\jre\bin\jdwp.dll
0x0000000072d60000 - 0x0000000072d68000 	C:\Program Files\Java\jdk1.8.0_20\jre\bin\npt.dll
0x0000000072d40000 - 0x0000000072d56000 	C:\Program Files\Java\jdk1.8.0_20\jre\bin\zip.dll
0x00007ffcc3be0000 - 0x00007ffcc50e8000 	C:\Windows\System32\SHELL32.dll
0x00007ffcc22d0000 - 0x00007ffcc29a8000 	C:\Windows\System32\windows.storage.dll
0x00007ffcc1f90000 - 0x00007ffcc1fdc000 	C:\Windows\System32\powrprof.dll
0x00007ffcc5430000 - 0x00007ffcc5482000 	C:\Windows\System32\shlwapi.dll
0x00007ffcc1f70000 - 0x00007ffcc1f7f000 	C:\Windows\System32\kernel.appcore.dll
0x00007ffcc2fa0000 - 0x00007ffcc3049000 	C:\Windows\System32\shcore.dll
0x00007ffcc1f50000 - 0x00007ffcc1f64000 	C:\Windows\System32\profapi.dll
0x0000000072d30000 - 0x0000000072d39000 	C:\Program Files\Java\jdk1.8.0_20\jre\bin\dt_socket.dll
0x00007ffcb2800000 - 0x00007ffcb2816000 	C:\Windows\system32\napinsp.dll
0x00007ffcb27e0000 - 0x00007ffcb27fa000 	C:\Windows\system32\pnrpnsp.dll
0x00007ffcbb300000 - 0x00007ffcbb318000 	C:\Windows\system32\NLAapi.dll
0x00007ffcc1820000 - 0x00007ffcc187c000 	C:\Windows\System32\mswsock.dll
0x00007ffcc15e0000 - 0x00007ffcc1681000 	C:\Windows\SYSTEM32\DNSAPI.dll
0x00007ffcc3330000 - 0x00007ffcc3338000 	C:\Windows\System32\NSI.dll
0x00007ffcc15a0000 - 0x00007ffcc15d8000 	C:\Windows\SYSTEM32\IPHLPAPI.DLL
0x00007ffcb27b0000 - 0x00007ffcb27be000 	C:\Windows\System32\winrnr.dll
0x00007ffcb2790000 - 0x00007ffcb27a5000 	C:\Windows\System32\wshbth.dll
0x00007ffcb9930000 - 0x00007ffcb999a000 	C:\Windows\System32\fwpuclnt.dll
0x00007ffcc1e90000 - 0x00007ffcc1ebb000 	C:\Windows\SYSTEM32\bcrypt.dll
0x00007ffcb8440000 - 0x00007ffcb844a000 	C:\Windows\System32\rasadhlp.dll
0x0000000072d20000 - 0x0000000072d2d000 	C:\Program Files\Java\jdk1.8.0_20\jre\bin\management.dll
0x0000000072d00000 - 0x0000000072d1a000 	C:\Program Files\Java\jdk1.8.0_20\jre\bin\net.dll
0x00007ffcbacf0000 - 0x00007ffcbad06000 	C:\Windows\SYSTEM32\dhcpcsvc6.DLL
0x00007ffcba8b0000 - 0x00007ffcba8ca000 	C:\Windows\SYSTEM32\dhcpcsvc.DLL
0x0000000072ce0000 - 0x0000000072cf1000 	C:\Program Files\Java\jdk1.8.0_20\jre\bin\nio.dll
0x00007ffcc19c0000 - 0x00007ffcc19d7000 	C:\Windows\SYSTEM32\CRYPTSP.dll
0x00007ffcc1420000 - 0x00007ffcc1453000 	C:\Windows\system32\rsaenh.dll
0x00007ffcc16a0000 - 0x00007ffcc16bf000 	C:\Windows\SYSTEM32\USERENV.dll
0x00007ffcc1e80000 - 0x00007ffcc1e8b000 	C:\Windows\SYSTEM32\CRYPTBASE.dll
0x00007ffcbe9b0000 - 0x00007ffcbeb42000 	C:\Windows\SYSTEM32\dbghelp.dll

VM Arguments:
jvm_args: -agentlib:jdwp=transport=dt_socket,suspend=y,address=localhost:57780 -Dfile.encoding=UTF-8 
java_command: SpringBootApp
java_class_path (initial): H:\WorkSpace\java\intellect\target\classes;C:\Users\Naduvan\.m2\repository\org\springframework\boot\spring-boot-starter\1.5.2.RELEASE\spring-boot-starter-1.5.2.RELEASE.jar;C:\Users\Naduvan\.m2\repository\org\springframework\boot\spring-boot\1.5.2.RELEASE\spring-boot-1.5.2.RELEASE.jar;C:\Users\Naduvan\.m2\repository\org\springframework\spring-context\4.3.7.RELEASE\spring-context-4.3.7.RELEASE.jar;C:\Users\Naduvan\.m2\repository\org\springframework\boot\spring-boot-starter-logging\1.5.2.RELEASE\spring-boot-starter-logging-1.5.2.RELEASE.jar;C:\Users\Naduvan\.m2\repository\ch\qos\logback\logback-classic\1.1.11\logback-classic-1.1.11.jar;C:\Users\Naduvan\.m2\repository\ch\qos\logback\logback-core\1.1.11\logback-core-1.1.11.jar;C:\Users\Naduvan\.m2\repository\org\slf4j\slf4j-api\1.7.24\slf4j-api-1.7.24.jar;C:\Users\Naduvan\.m2\repository\org\slf4j\jcl-over-slf4j\1.7.24\jcl-over-slf4j-1.7.24.jar;C:\Users\Naduvan\.m2\repository\org\slf4j\jul-to-slf4j\1.7.24\jul-to-slf4j-1.7.24.jar;C:\Users\Naduvan\.m2\repository\org\slf4j\log4j-over-slf4j\1.7.24\log4j-over-slf4j-1.7.24.jar;C:\Users\Naduvan\.m2\repository\org\springframework\spring-core\4.3.7.RELEASE\spring-core-4.3.7.RELEASE.jar;C:\Users\Naduvan\.m2\repository\org\yaml\snakeyaml\1.17\snakeyaml-1.17.jar;C:\Users\Naduvan\.m2\repository\org\springframework\boot\spring-boot-starter-web\1.5.2.RELEASE\spring-boot-starter-web-1.5.2.RELEASE.jar;C:\Users\Naduvan\.m2\repository\org\springframework\boot\spring-boot-starter-tomcat\1.5.2.RELEASE\spring-boot-starter-tomcat-1.5.2.RELEASE.jar;C:\Users\Naduvan\.m2\repository\org\apache\tomcat\embed\tomcat-embed-core\8.5.11\tomcat-embed-core-8.5.11.jar;C:\Users\Naduvan\.m2\repository\org\apache\tomcat\embed\tomcat-embed-el\8.5.11\tomcat-embed-el-8.5.11.jar;C:\Users\Naduvan\.m2\repository\org\apache\tomcat\embed\tomcat-embed-websocket\8.5.11\tomcat-embed-websocket-8.5.11.jar;C:\Users\Naduvan\.m2\repository\org\hibernate\hibernate-validator\5.3.4.Final\hibernate-va
Launcher Type: SUN_STANDARD

Environment Variables:
JAVA_HOME=C:\Program Files\Java\jdk1.8.0_20
PATH=C:\Program Files\Java\jdk1.8.0_20\jre\bin;C:/Program Files/Java/jre1.8.0_20/bin/server;C:/Program Files/Java/jre1.8.0_20/bin;C:/Program Files/Java/jre1.8.0_20/lib/amd64;C:\ProgramData\Oracle\Java\javapath;C:\Program Files (x86)\Intel\iCLS Client\;C:\Program Files\Intel\iCLS Client\;C:\Windows\system32;C:\Windows;C:\Windows\System32\Wbem;C:\Windows\System32\WindowsPowerShell\v1.0\;C:\Program Files (x86)\Intel\Intel(R) Management Engine Components\DAL;C:\Program Files\Intel\Intel(R) Management Engine Components\DAL;C:\Program Files (x86)\Intel\Intel(R) Management Engine Components\IPT;C:\Program Files\Intel\Intel(R) Management Engine Components\IPT;C:\Program Files (x86)\Microsoft SQL Server\100\Tools\Binn\;C:\Program Files\Microsoft SQL Server\100\Tools\Binn\;C:\Program Files\Microsoft SQL Server\100\DTS\Binn\;C:\Program Files (x86)\Microsoft SQL Server\100\Tools\Binn\VSShell\Common7\IDE\;C:\Program Files (x86)\Microsoft Visual Studio 9.0\Common7\IDE\PrivateAssemblies\;C:\Program Files (x86)\Microsoft SQL Server\100\DTS\Binn\;C:\Program Files\PuTTY\;C:\Sdks_resp\android\platform-tools;C:\Users\Naduvan\AppData\Local\Microsoft\WindowsApps;;H:\eclipse_kepler\e2\eclipse;
USERNAME=Naduvan
OS=Windows_NT
PROCESSOR_IDENTIFIER=Intel64 Family 6 Model 78 Stepping 3, GenuineIntel



---------------  S Y S T E M  ---------------

OS: Windows 8.1 , 64 bit Build 9600 

CPU:total 4 (2 cores per cpu, 2 threads per core) family 6 model 78 stepping 3, cmov, cx8, fxsr, mmx, sse, sse2, sse3, ssse3, sse4.1, sse4.2, popcnt, avx, avx2, aes, clmul, erms, rtm, lzcnt, ht, tsc, tscinvbit, bmi1, bmi2

Memory: 4k page, physical 8253680k(2831156k free), swap 10532556k(1976440k free)

vm_info: Java HotSpot(TM) 64-Bit Server VM (25.20-b23) for windows-amd64 JRE (1.8.0_20-b26), built on Jul 30 2014 13:51:23 by "java_re" with MS VC++ 10.0 (VS2010)

time: Sat Nov 18 12:23:45 2017
elapsed time: 1378 seconds (0d 0h 22m 58s)

