#
# A fatal error has been detected by the Java Runtime Environment:
#
#  EXCEPTION_ACCESS_VIOLATION (0xc0000005) at pc=0x0000000072ec9535, pid=1804, tid=6648
#
# JRE version: Java(TM) SE Runtime Environment (8.0_20-b26) (build 1.8.0_20-b26)
# Java VM: Java HotSpot(TM) 64-Bit Server VM (25.20-b23 mixed mode windows-amd64 compressed oops)
# Problematic frame:
# V  [jvm.dll+0x119535]
#
# Failed to write core dump. Minidumps are not enabled by default on client versions of Windows
#
# If you would like to submit a bug report, please visit:
#   http://bugreport.sun.com/bugreport/crash.jsp
#

---------------  T H R E A D  ---------------

Current thread (0x0000000016e69000):  JavaThread "JDWP Transport Listener: dt_socket" daemon [_thread_in_vm, id=6648, stack(0x00000000186f0000,0x00000000187f0000)]

siginfo: ExceptionCode=0xc0000005, reading address 0x00003b003b746e65

Registers:
RAX=0x00000000187ef001, RBX=0x0000000016e69000, RCX=0x00003b003b746e65, RDX=0x0000000000000000
RSP=0x00000000187ef030, RBP=0x00003b003b746e65, RSI=0x00000000187ef148, RDI=0x00000000003b8990
R8 =0x0000000016e69000, R9 =0x0000000000008000, R10=0x000000001ad0e170, R11=0x000000001a7bfb2a
R12=0x0000000000000000, R13=0x0000000016e729e8, R14=0x0000000000000000, R15=0x0000000000000000
RIP=0x0000000072ec9535, EFLAGS=0x0000000000010206

Top of Stack: (sp=0x00000000187ef030)
0x00000000187ef030:   0000000016e69000 0000000016e69000
0x00000000187ef040:   00000000187ef0f8 00000000730c655b
0x00000000187ef050:   0000000016e69000 00000000730e2dbd
0x00000000187ef060:   0000000000000014 0000000072d89149
0x00000000187ef070:   000000001c61bfd8 0000000072d92912
0x00000000187ef080:   0000000016e69000 0000000000000000
0x00000000187ef090:   0000000000000000 0000000000000000
0x00000000187ef0a0:   00003b003b746e65 0000000072d91a09
0x00000000187ef0b0:   00000000187ef148 00000000187ef120
0x00000000187ef0c0:   0000000000000001 000000001c61bfd8
0x00000000187ef0d0:   00003b003b746e65 0000000072d753b3
0x00000000187ef0e0:   00000000187ef210 0000000000000001
0x00000000187ef0f0:   0000000000000001 000000001c61bfd8
0x00000000187ef100:   0000000000000001 0000000000000000
0x00000000187ef110:   0000000000000000 0000000000000000
0x00000000187ef120:   0000000000000001 0000000072d75571 

Instructions: (pc=0x0000000072ec9535)
0x0000000072ec9515:   cc cc cc cc cc cc cc cc cc cc cc 48 83 ec 28 48
0x0000000072ec9525:   85 c9 75 07 33 c0 48 83 c4 28 c3 48 89 5c 24 20
0x0000000072ec9535:   48 8b 19 48 85 db 74 20 48 83 fb 37 74 1a 48 8b
0x0000000072ec9545:   13 48 8b cb ff 52 10 84 c0 74 0d 48 8b c3 48 8b 


Register to memory mapping:

RAX=0x00000000187ef001 is pointing into the stack for thread: 0x0000000016e69000
RBX=0x0000000016e69000 is a thread
RCX=0x00003b003b746e65 is an unknown value
RDX=0x0000000000000000 is an unknown value
RSP=0x00000000187ef030 is pointing into the stack for thread: 0x0000000016e69000
RBP=0x00003b003b746e65 is an unknown value
RSI=0x00000000187ef148 is pointing into the stack for thread: 0x0000000016e69000
RDI=0x00000000003b8990 is an unknown value
R8 =0x0000000016e69000 is a thread
R9 =0x0000000000008000 is an unknown value
R10=0x000000001ad0e170 is an unknown value
R11=0x000000001a7bfb2a is an unknown value
R12=0x0000000000000000 is an unknown value
R13=0x0000000016e729e8 is an unknown value
R14=0x0000000000000000 is an unknown value
R15=0x0000000000000000 is an unknown value


Stack: [0x00000000186f0000,0x00000000187f0000],  sp=0x00000000187ef030,  free space=1020k
Native frames: (J=compiled Java code, j=interpreted, Vv=VM code, C=native code)
V  [jvm.dll+0x119535]
V  [jvm.dll+0x332dbd]
C  [jdwp.dll+0x21a09]
C  [jdwp.dll+0x53b3]
C  [jdwp.dll+0x5571]
C  [jdwp.dll+0xf09c]
C  [jdwp.dll+0x1f2c9]
C  [jdwp.dll+0x1f49e]
V  [jvm.dll+0x1aaa18]
V  [jvm.dll+0x22aac4]
V  [jvm.dll+0x283f5a]
C  [msvcr100.dll+0x21d9f]
C  [msvcr100.dll+0x21e3b]
C  [KERNEL32.DLL+0x8364]
C  [ntdll.dll+0x67091]


---------------  P R O C E S S  ---------------

Java Threads: ( => current thread )
  0x000000001d788800 JavaThread "http-nio-8080-exec-1" daemon [_thread_blocked, id=6256, stack(0x00000000209f0000,0x0000000020af0000)]
  0x000000001d788000 JavaThread "DestroyJavaVM" [_thread_blocked, id=9648, stack(0x0000000002170000,0x0000000002270000)]
  0x000000001d784000 JavaThread "http-nio-8080-AsyncTimeout" daemon [_thread_blocked, id=12764, stack(0x00000000208f0000,0x00000000209f0000)]
  0x000000001d785800 JavaThread "http-nio-8080-Acceptor-0" daemon [_thread_in_native, id=4736, stack(0x00000000207f0000,0x00000000208f0000)]
  0x000000001d781000 JavaThread "http-nio-8080-ClientPoller-1" daemon [_thread_in_native, id=7388, stack(0x00000000206f0000,0x00000000207f0000)]
  0x000000001985c000 JavaThread "http-nio-8080-ClientPoller-0" daemon [_thread_in_native, id=2452, stack(0x00000000205f0000,0x00000000206f0000)]
  0x000000001985b800 JavaThread "NioBlockingSelector.BlockPoller-1" daemon [_thread_in_native, id=11028, stack(0x000000001fc30000,0x000000001fd30000)]
  0x0000000019859000 JavaThread "Live Reload Server" daemon [_thread_in_native, id=7488, stack(0x000000001f980000,0x000000001fa80000)]
  0x0000000019857800 JavaThread "File Watcher" daemon [_thread_blocked, id=7792, stack(0x000000001f780000,0x000000001f880000)]
  0x0000000019857000 JavaThread "container-0" [_thread_blocked, id=11408, stack(0x000000001f480000,0x000000001f580000)]
  0x000000001985d000 JavaThread "ContainerBackgroundProcessor[StandardEngine[Tomcat]]" daemon [_thread_blocked, id=1768, stack(0x000000001f380000,0x000000001f480000)]
  0x0000000018d27000 JavaThread "Service Thread" daemon [_thread_blocked, id=3732, stack(0x00000000190f0000,0x00000000191f0000)]
  0x0000000016e8e000 JavaThread "C1 CompilerThread2" daemon [_thread_blocked, id=7896, stack(0x0000000018bf0000,0x0000000018cf0000)]
  0x0000000016e8a800 JavaThread "C2 CompilerThread1" daemon [_thread_blocked, id=9172, stack(0x0000000018af0000,0x0000000018bf0000)]
  0x0000000016e85800 JavaThread "C2 CompilerThread0" daemon [_thread_blocked, id=6440, stack(0x00000000189f0000,0x0000000018af0000)]
  0x0000000016e79800 JavaThread "JDWP Command Reader" daemon [_thread_in_native, id=8944, stack(0x00000000188f0000,0x00000000189f0000)]
  0x0000000016e75800 JavaThread "JDWP Event Helper Thread" daemon [_thread_blocked, id=1640, stack(0x00000000187f0000,0x00000000188f0000)]
=>0x0000000016e69000 JavaThread "JDWP Transport Listener: dt_socket" daemon [_thread_in_vm, id=6648, stack(0x00000000186f0000,0x00000000187f0000)]
  0x0000000016e5e800 JavaThread "Attach Listener" daemon [_thread_blocked, id=12564, stack(0x00000000182b0000,0x00000000183b0000)]
  0x0000000016e5d800 JavaThread "Signal Dispatcher" daemon [_thread_blocked, id=2820, stack(0x00000000181b0000,0x00000000182b0000)]
  0x0000000002367000 JavaThread "Finalizer" daemon [_thread_blocked, id=12448, stack(0x00000000180b0000,0x00000000181b0000)]
  0x000000000235e000 JavaThread "Reference Handler" daemon [_thread_blocked, id=9236, stack(0x0000000017fb0000,0x00000000180b0000)]

Other Threads:
  0x0000000016e27000 VMThread [stack: 0x0000000017eb0000,0x0000000017fb0000] [id=11116]
  0x0000000018d4b800 WatcherThread [stack: 0x00000000191f0000,0x00000000192f0000] [id=13184]

VM state:not at safepoint (normal execution)

VM Mutex/Monitor currently owned by a thread: None

Heap:
 PSYoungGen      total 148480K, used 4985K [0x00000000d6000000, 0x00000000e2980000, 0x0000000100000000)
  eden space 136704K, 3% used [0x00000000d6000000,0x00000000d64de6f0,0x00000000de580000)
  from space 11776K, 0% used [0x00000000df380000,0x00000000df380000,0x00000000dff00000)
  to   space 14336K, 0% used [0x00000000de580000,0x00000000de580000,0x00000000df380000)
 ParOldGen       total 101888K, used 23314K [0x0000000082000000, 0x0000000088380000, 0x00000000d6000000)
  object space 101888K, 22% used [0x0000000082000000,0x00000000836c4ac0,0x0000000088380000)
 Metaspace       used 35024K, capacity 35354K, committed 35752K, reserved 1081344K
  class space    used 4226K, capacity 4298K, committed 4352K, reserved 1048576K

Card table byte_map: [0x0000000011730000,0x0000000011b30000] byte_map_base: 0x0000000011320000

Marking Bits: (ParMarkBitMap*) 0x000000007358b460
 Begin Bits: [0x00000000121d0000, 0x0000000014150000)
 End Bits:   [0x0000000014150000, 0x00000000160d0000)

Polling page: 0x0000000000700000

CodeCache: size=245760Kb used=12048Kb max_used=12731Kb free=233711Kb
 bounds [0x0000000002370000, 0x0000000003000000, 0x0000000011370000]
 total_blobs=3542 nmethods=3106 adapters=357
 compilation: enabled

Compilation events (10 events):
Event: 93.129 Thread 0x0000000016e8e000 3687       3       sun.nio.ch.SelectorImpl::select (34 bytes)
Event: 93.130 Thread 0x0000000016e8e000 nmethod 3687 0x0000000002f72f10 code [0x0000000002f730a0, 0x0000000002f73398]
Event: 93.130 Thread 0x0000000016e8e000 3688   !   3       sun.nio.ch.SelectorImpl::lockAndDoSelect (72 bytes)
Event: 93.132 Thread 0x0000000016e8e000 nmethod 3688 0x0000000002c8f2d0 code [0x0000000002c8f4a0, 0x0000000002c8fed8]
Event: 94.130 Thread 0x0000000016e8e000 3689       3       java.nio.channels.spi.AbstractSelector::end (5 bytes)
Event: 94.131 Thread 0x0000000016e8e000 nmethod 3689 0x0000000002f72510 code [0x0000000002f726a0, 0x0000000002f72c30]
Event: 94.131 Thread 0x0000000016e8e000 3690       3       sun.nio.ch.WindowsSelectorImpl$FinishLock::access$700 (5 bytes)
Event: 94.132 Thread 0x0000000016e8e000 nmethod 3690 0x0000000002c8ef10 code [0x0000000002c8f080, 0x0000000002c8f208]
Event: 94.132 Thread 0x0000000016e8e000 3691       3       sun.nio.ch.WindowsSelectorImpl::updateSelectedKeys (74 bytes)
Event: 94.133 Thread 0x0000000016e8e000 nmethod 3691 0x0000000002c8e250 code [0x0000000002c8e420, 0x0000000002c8eb68]

GC Heap History (10 events):
Event: 3.342 GC heap before
{Heap before GC invocations=6 (full 1):
 PSYoungGen      total 70656K, used 5104K [0x00000000d6000000, 0x00000000df400000, 0x0000000100000000)
  eden space 65536K, 0% used [0x00000000d6000000,0x00000000d6000000,0x00000000da000000)
  from space 5120K, 99% used [0x00000000da000000,0x00000000da4fc030,0x00000000da500000)
  to   space 10240K, 0% used [0x00000000dea00000,0x00000000dea00000,0x00000000df400000)
 ParOldGen       total 86016K, used 12416K [0x0000000082000000, 0x0000000087400000, 0x00000000d6000000)
  object space 86016K, 14% used [0x0000000082000000,0x0000000082c20088,0x0000000087400000)
 Metaspace       used 20911K, capacity 21124K, committed 21296K, reserved 1069056K
  class space    used 2552K, capacity 2605K, committed 2688K, reserved 1048576K
Event: 3.395 GC heap after
Heap after GC invocations=6 (full 1):
 PSYoungGen      total 70656K, used 0K [0x00000000d6000000, 0x00000000df400000, 0x0000000100000000)
  eden space 65536K, 0% used [0x00000000d6000000,0x00000000d6000000,0x00000000da000000)
  from space 5120K, 0% used [0x00000000da000000,0x00000000da000000,0x00000000da500000)
  to   space 10240K, 0% used [0x00000000dea00000,0x00000000dea00000,0x00000000df400000)
 ParOldGen       total 64000K, used 10166K [0x0000000082000000, 0x0000000085e80000, 0x00000000d6000000)
  object space 64000K, 15% used [0x0000000082000000,0x00000000829ed830,0x0000000085e80000)
 Metaspace       used 20909K, capacity 21122K, committed 21296K, reserved 1069056K
  class space    used 2551K, capacity 2604K, committed 2688K, reserved 1048576K
}
Event: 5.444 GC heap before
{Heap before GC invocations=7 (full 1):
 PSYoungGen      total 70656K, used 65536K [0x00000000d6000000, 0x00000000df400000, 0x0000000100000000)
  eden space 65536K, 100% used [0x00000000d6000000,0x00000000da000000,0x00000000da000000)
  from space 5120K, 0% used [0x00000000da000000,0x00000000da000000,0x00000000da500000)
  to   space 10240K, 0% used [0x00000000dea00000,0x00000000dea00000,0x00000000df400000)
 ParOldGen       total 64000K, used 10166K [0x0000000082000000, 0x0000000085e80000, 0x00000000d6000000)
  object space 64000K, 15% used [0x0000000082000000,0x00000000829ed830,0x0000000085e80000)
 Metaspace       used 25874K, capacity 26134K, committed 26368K, reserved 1073152K
  class space    used 3160K, capacity 3220K, committed 3328K, reserved 1048576K
Event: 5.453 GC heap after
Heap after GC invocations=7 (full 1):
 PSYoungGen      total 103936K, used 6896K [0x00000000d6000000, 0x00000000df100000, 0x0000000100000000)
  eden space 96768K, 0% used [0x00000000d6000000,0x00000000d6000000,0x00000000dbe80000)
  from space 7168K, 96% used [0x00000000dea00000,0x00000000df0bc2c8,0x00000000df100000)
  to   space 9728K, 0% used [0x00000000dde00000,0x00000000dde00000,0x00000000de780000)
 ParOldGen       total 64000K, used 10174K [0x0000000082000000, 0x0000000085e80000, 0x00000000d6000000)
  object space 64000K, 15% used [0x0000000082000000,0x00000000829ef830,0x0000000085e80000)
 Metaspace       used 25874K, capacity 26134K, committed 26368K, reserved 1073152K
  class space    used 3160K, capacity 3220K, committed 3328K, reserved 1048576K
}
Event: 8.360 GC heap before
{Heap before GC invocations=8 (full 1):
 PSYoungGen      total 103936K, used 103664K [0x00000000d6000000, 0x00000000df100000, 0x0000000100000000)
  eden space 96768K, 100% used [0x00000000d6000000,0x00000000dbe80000,0x00000000dbe80000)
  from space 7168K, 96% used [0x00000000dea00000,0x00000000df0bc2c8,0x00000000df100000)
  to   space 9728K, 0% used [0x00000000dde00000,0x00000000dde00000,0x00000000de780000)
 ParOldGen       total 64000K, used 10174K [0x0000000082000000, 0x0000000085e80000, 0x00000000d6000000)
  object space 64000K, 15% used [0x0000000082000000,0x00000000829ef830,0x0000000085e80000)
 Metaspace       used 29383K, capacity 29692K, committed 30080K, reserved 1075200K
  class space    used 3585K, capacity 3651K, committed 3712K, reserved 1048576K
Event: 8.382 GC heap after
Heap after GC invocations=8 (full 1):
 PSYoungGen      total 138752K, used 9712K [0x00000000d6000000, 0x00000000dff00000, 0x0000000100000000)
  eden space 129024K, 0% used [0x00000000d6000000,0x00000000d6000000,0x00000000dde00000)
  from space 9728K, 99% used [0x00000000dde00000,0x00000000de77c370,0x00000000de780000)
  to   space 11776K, 0% used [0x00000000df380000,0x00000000df380000,0x00000000dff00000)
 ParOldGen       total 64000K, used 11769K [0x0000000082000000, 0x0000000085e80000, 0x00000000d6000000)
  object space 64000K, 18% used [0x0000000082000000,0x0000000082b7e640,0x0000000085e80000)
 Metaspace       used 29383K, capacity 29692K, committed 30080K, reserved 1075200K
  class space    used 3585K, capacity 3651K, committed 3712K, reserved 1048576K
}
Event: 40.924 GC heap before
{Heap before GC invocations=9 (full 1):
 PSYoungGen      total 138752K, used 79928K [0x00000000d6000000, 0x00000000dff00000, 0x0000000100000000)
  eden space 129024K, 54% used [0x00000000d6000000,0x00000000da491d80,0x00000000dde00000)
  from space 9728K, 99% used [0x00000000dde00000,0x00000000de77c370,0x00000000de780000)
  to   space 11776K, 0% used [0x00000000df380000,0x00000000df380000,0x00000000dff00000)
 ParOldGen       total 64000K, used 11769K [0x0000000082000000, 0x0000000085e80000, 0x00000000d6000000)
  object space 64000K, 18% used [0x0000000082000000,0x0000000082b7e640,0x0000000085e80000)
 Metaspace       used 34895K, capacity 35194K, committed 35496K, reserved 1081344K
  class space    used 4211K, capacity 4266K, committed 4352K, reserved 1048576K
Event: 40.946 GC heap after
Heap after GC invocations=9 (full 1):
 PSYoungGen      total 148480K, used 11769K [0x00000000d6000000, 0x00000000e2980000, 0x0000000100000000)
  eden space 136704K, 0% used [0x00000000d6000000,0x00000000d6000000,0x00000000de580000)
  from space 11776K, 99% used [0x00000000df380000,0x00000000dfefe760,0x00000000dff00000)
  to   space 14336K, 0% used [0x00000000de580000,0x00000000de580000,0x00000000df380000)
 ParOldGen       total 64000K, used 15314K [0x0000000082000000, 0x0000000085e80000, 0x00000000d6000000)
  object space 64000K, 23% used [0x0000000082000000,0x0000000082ef4ab0,0x0000000085e80000)
 Metaspace       used 34895K, capacity 35194K, committed 35496K, reserved 1081344K
  class space    used 4211K, capacity 4266K, committed 4352K, reserved 1048576K
}
Event: 40.946 GC heap before
{Heap before GC invocations=10 (full 2):
 PSYoungGen      total 148480K, used 11769K [0x00000000d6000000, 0x00000000e2980000, 0x0000000100000000)
  eden space 136704K, 0% used [0x00000000d6000000,0x00000000d6000000,0x00000000de580000)
  from space 11776K, 99% used [0x00000000df380000,0x00000000dfefe760,0x00000000dff00000)
  to   space 14336K, 0% used [0x00000000de580000,0x00000000de580000,0x00000000df380000)
 ParOldGen       total 64000K, used 15314K [0x0000000082000000, 0x0000000085e80000, 0x00000000d6000000)
  object space 64000K, 23% used [0x0000000082000000,0x0000000082ef4ab0,0x0000000085e80000)
 Metaspace       used 34895K, capacity 35194K, committed 35496K, reserved 1081344K
  class space    used 4211K, capacity 4266K, committed 4352K, reserved 1048576K
Event: 41.072 GC heap after
Heap after GC invocations=10 (full 2):
 PSYoungGen      total 148480K, used 0K [0x00000000d6000000, 0x00000000e2980000, 0x0000000100000000)
  eden space 136704K, 0% used [0x00000000d6000000,0x00000000d6000000,0x00000000de580000)
  from space 11776K, 0% used [0x00000000df380000,0x00000000df380000,0x00000000dff00000)
  to   space 14336K, 0% used [0x00000000de580000,0x00000000de580000,0x00000000df380000)
 ParOldGen       total 101888K, used 23314K [0x0000000082000000, 0x0000000088380000, 0x00000000d6000000)
  object space 101888K, 22% used [0x0000000082000000,0x00000000836c4ac0,0x0000000088380000)
 Metaspace       used 34895K, capacity 35194K, committed 35496K, reserved 1081344K
  class space    used 4211K, capacity 4266K, committed 4352K, reserved 1048576K
}

Deoptimization events (10 events):
Event: 41.085 Thread 0x000000001d788800 Uncommon trap: reason=unhandled action=none pc=0x0000000002c68864 method=java.net.URLClassLoader$1.run()Ljava/lang/Class; @ 72
Event: 41.086 Thread 0x000000001d788800 Uncommon trap: reason=unhandled action=none pc=0x0000000002c68864 method=java.net.URLClassLoader$1.run()Ljava/lang/Class; @ 72
Event: 41.087 Thread 0x000000001d788800 Uncommon trap: reason=unhandled action=none pc=0x0000000002c68864 method=java.net.URLClassLoader$1.run()Ljava/lang/Class; @ 72
Event: 41.087 Thread 0x000000001d788800 Uncommon trap: reason=unhandled action=none pc=0x0000000002c68864 method=java.net.URLClassLoader$1.run()Ljava/lang/Class; @ 72
Event: 41.087 Thread 0x000000001d788800 Uncommon trap: reason=unhandled action=none pc=0x0000000002c68864 method=java.net.URLClassLoader$1.run()Ljava/lang/Class; @ 72
Event: 41.089 Thread 0x000000001d788800 Uncommon trap: reason=unhandled action=none pc=0x0000000002c68864 method=java.net.URLClassLoader$1.run()Ljava/lang/Class; @ 72
Event: 41.089 Thread 0x000000001d788800 Uncommon trap: reason=unhandled action=none pc=0x0000000002c68864 method=java.net.URLClassLoader$1.run()Ljava/lang/Class; @ 72
Event: 41.090 Thread 0x000000001d788800 Uncommon trap: reason=unhandled action=none pc=0x0000000002c68864 method=java.net.URLClassLoader$1.run()Ljava/lang/Class; @ 72
Event: 41.090 Thread 0x000000001d788800 Uncommon trap: reason=unhandled action=none pc=0x0000000002c68864 method=java.net.URLClassLoader$1.run()Ljava/lang/Class; @ 72
Event: 96.736 Thread 0x0000000016e69000 Uncommon trap: reason=unhandled action=none pc=0x0000000002c68864 method=java.net.URLClassLoader$1.run()Ljava/lang/Class; @ 72

Internal exceptions (10 events):
Event: 41.085 Thread 0x000000001d788800 Exception <a 'java/security/PrivilegedActionException'> (0x00000000d6010000) thrown at [D:\re\workspace\8-2-build-windows-amd64-cygwin\jdk8u20\1074\hotspot\src\share\vm\prims\jvm.cpp, line 1275]
Event: 41.086 Thread 0x000000001d788800 Exception <a 'java/security/PrivilegedActionException'> (0x00000000d6018f38) thrown at [D:\re\workspace\8-2-build-windows-amd64-cygwin\jdk8u20\1074\hotspot\src\share\vm\prims\jvm.cpp, line 1275]
Event: 41.087 Thread 0x000000001d788800 Exception <a 'java/security/PrivilegedActionException'> (0x00000000d6026658) thrown at [D:\re\workspace\8-2-build-windows-amd64-cygwin\jdk8u20\1074\hotspot\src\share\vm\prims\jvm.cpp, line 1275]
Event: 41.087 Thread 0x000000001d788800 Exception <a 'java/security/PrivilegedActionException'> (0x00000000d602cdd0) thrown at [D:\re\workspace\8-2-build-windows-amd64-cygwin\jdk8u20\1074\hotspot\src\share\vm\prims\jvm.cpp, line 1275]
Event: 41.087 Thread 0x000000001d788800 Exception <a 'java/security/PrivilegedActionException'> (0x00000000d6033688) thrown at [D:\re\workspace\8-2-build-windows-amd64-cygwin\jdk8u20\1074\hotspot\src\share\vm\prims\jvm.cpp, line 1275]
Event: 41.089 Thread 0x000000001d788800 Exception <a 'java/security/PrivilegedActionException'> (0x00000000d6042a78) thrown at [D:\re\workspace\8-2-build-windows-amd64-cygwin\jdk8u20\1074\hotspot\src\share\vm\prims\jvm.cpp, line 1275]
Event: 41.089 Thread 0x000000001d788800 Exception <a 'java/security/PrivilegedActionException'> (0x00000000d6048680) thrown at [D:\re\workspace\8-2-build-windows-amd64-cygwin\jdk8u20\1074\hotspot\src\share\vm\prims\jvm.cpp, line 1275]
Event: 41.090 Thread 0x000000001d788800 Exception <a 'java/security/PrivilegedActionException'> (0x00000000d604e8d8) thrown at [D:\re\workspace\8-2-build-windows-amd64-cygwin\jdk8u20\1074\hotspot\src\share\vm\prims\jvm.cpp, line 1275]
Event: 41.090 Thread 0x000000001d788800 Exception <a 'java/security/PrivilegedActionException'> (0x00000000d6053b08) thrown at [D:\re\workspace\8-2-build-windows-amd64-cygwin\jdk8u20\1074\hotspot\src\share\vm\prims\jvm.cpp, line 1275]
Event: 96.736 Thread 0x0000000016e69000 Exception <a 'java/security/PrivilegedActionException'> (0x00000000d63897a0) thrown at [D:\re\workspace\8-2-build-windows-amd64-cygwin\jdk8u20\1074\hotspot\src\share\vm\prims\jvm.cpp, line 1275]

Events (10 events):
Event: 96.719 Executing VM operation: ChangeSingleStep done
Event: 96.722 Executing VM operation: ChangeSingleStep
Event: 96.722 Executing VM operation: ChangeSingleStep done
Event: 96.736 Thread 0x0000000016e69000 Uncommon trap: trap_request=0xffffffa7 fr.pc=0x0000000002c68864
Event: 96.736 Thread 0x0000000016e69000 DEOPT PACKING pc=0x0000000002c68864 sp=0x00000000187ec6f0
Event: 96.736 Thread 0x0000000016e69000 DEOPT UNPACKING pc=0x00000000023b556a sp=0x00000000187ec738 mode 2
Event: 96.736 Thread 0x0000000016e69000 DEOPT PACKING pc=0x0000000002a1b8ec sp=0x00000000187ed3d0
Event: 96.736 Thread 0x0000000016e69000 DEOPT UNPACKING pc=0x00000000023b75bf sp=0x00000000187ed050 mode 1
Event: 96.736 Executing VM operation: RedefineClasses
Event: 96.770 Executing VM operation: RedefineClasses done


Dynamic libraries:
0x00007ff65d770000 - 0x00007ff65d7a4000 	C:\Program Files\Java\jdk1.8.0_20\bin\javaw.exe
0x00007ffcc5ae0000 - 0x00007ffcc5cb2000 	C:\Windows\SYSTEM32\ntdll.dll
0x00007ffcc3120000 - 0x00007ffcc31cc000 	C:\Windows\System32\KERNEL32.DLL
0x00007ffcbad60000 - 0x00007ffcbad94000 	C:\Program Files (x86)\AVG\Antivirus\x64\aswhooka.dll
0x00007ffcc2c30000 - 0x00007ffcc2e4d000 	C:\Windows\System32\KERNELBASE.dll
0x00007ffcc5520000 - 0x00007ffcc55c2000 	C:\Windows\System32\ADVAPI32.dll
0x00007ffcc31d0000 - 0x00007ffcc326e000 	C:\Windows\System32\msvcrt.dll
0x00007ffcc3270000 - 0x00007ffcc32c9000 	C:\Windows\System32\sechost.dll
0x00007ffcc34e0000 - 0x00007ffcc3601000 	C:\Windows\System32\RPCRT4.dll
0x00007ffcc55d0000 - 0x00007ffcc5735000 	C:\Windows\System32\USER32.dll
0x00007ffcc3050000 - 0x00007ffcc306e000 	C:\Windows\System32\win32u.dll
0x00007ffcc59a0000 - 0x00007ffcc59d4000 	C:\Windows\System32\GDI32.dll
0x00007ffcc2050000 - 0x00007ffcc21d0000 	C:\Windows\System32\gdi32full.dll
0x00007ffcb8050000 - 0x00007ffcb82ca000 	C:\Windows\WinSxS\amd64_microsoft.windows.common-controls_6595b64144ccf1df_6.0.14393.953_none_42151e83c686086b\COMCTL32.dll
0x00007ffcc5160000 - 0x00007ffcc5428000 	C:\Windows\System32\combase.dll
0x00007ffcc21d0000 - 0x00007ffcc22c5000 	C:\Windows\System32\ucrtbase.dll
0x00007ffcc1fe0000 - 0x00007ffcc204a000 	C:\Windows\System32\bcryptPrimitives.dll
0x00007ffcc58a0000 - 0x00007ffcc58ce000 	C:\Windows\System32\IMM32.DLL
0x0000000073610000 - 0x00000000736e2000 	C:\Program Files\Java\jdk1.8.0_20\jre\bin\msvcr100.dll
0x0000000072db0000 - 0x0000000073608000 	C:\Program Files\Java\jdk1.8.0_20\jre\bin\server\jvm.dll
0x00007ffcc58d0000 - 0x00007ffcc58d8000 	C:\Windows\System32\PSAPI.DLL
0x00007ffcb3680000 - 0x00007ffcb3689000 	C:\Windows\SYSTEM32\WSOCK32.dll
0x00007ffcc54b0000 - 0x00007ffcc551a000 	C:\Windows\System32\WS2_32.dll
0x00007ffcc0190000 - 0x00007ffcc01b3000 	C:\Windows\SYSTEM32\WINMM.dll
0x00007ffcc0130000 - 0x00007ffcc015b000 	C:\Windows\SYSTEM32\WINMMBASE.dll
0x00007ffcc2e50000 - 0x00007ffcc2e92000 	C:\Windows\System32\cfgmgr32.dll
0x00000000748d0000 - 0x00000000748df000 	C:\Program Files\Java\jdk1.8.0_20\jre\bin\verify.dll
0x00000000748a0000 - 0x00000000748c8000 	C:\Program Files\Java\jdk1.8.0_20\jre\bin\java.dll
0x0000000072d70000 - 0x0000000072da5000 	C:\Program Files\Java\jdk1.8.0_20\jre\bin\jdwp.dll
0x0000000072d60000 - 0x0000000072d68000 	C:\Program Files\Java\jdk1.8.0_20\jre\bin\npt.dll
0x0000000072d40000 - 0x0000000072d56000 	C:\Program Files\Java\jdk1.8.0_20\jre\bin\zip.dll
0x00007ffcc3be0000 - 0x00007ffcc50e8000 	C:\Windows\System32\SHELL32.dll
0x00007ffcc22d0000 - 0x00007ffcc29a8000 	C:\Windows\System32\windows.storage.dll
0x00007ffcc1f90000 - 0x00007ffcc1fdc000 	C:\Windows\System32\powrprof.dll
0x00007ffcc5430000 - 0x00007ffcc5482000 	C:\Windows\System32\shlwapi.dll
0x00007ffcc1f70000 - 0x00007ffcc1f7f000 	C:\Windows\System32\kernel.appcore.dll
0x00007ffcc2fa0000 - 0x00007ffcc3049000 	C:\Windows\System32\shcore.dll
0x00007ffcc1f50000 - 0x00007ffcc1f64000 	C:\Windows\System32\profapi.dll
0x0000000072d30000 - 0x0000000072d39000 	C:\Program Files\Java\jdk1.8.0_20\jre\bin\dt_socket.dll
0x00007ffcb2800000 - 0x00007ffcb2816000 	C:\Windows\system32\napinsp.dll
0x00007ffcb27e0000 - 0x00007ffcb27fa000 	C:\Windows\system32\pnrpnsp.dll
0x00007ffcbb300000 - 0x00007ffcbb318000 	C:\Windows\system32\NLAapi.dll
0x00007ffcc1820000 - 0x00007ffcc187c000 	C:\Windows\System32\mswsock.dll
0x00007ffcc15e0000 - 0x00007ffcc1681000 	C:\Windows\SYSTEM32\DNSAPI.dll
0x00007ffcc3330000 - 0x00007ffcc3338000 	C:\Windows\System32\NSI.dll
0x00007ffcc15a0000 - 0x00007ffcc15d8000 	C:\Windows\SYSTEM32\IPHLPAPI.DLL
0x00007ffcb27b0000 - 0x00007ffcb27be000 	C:\Windows\System32\winrnr.dll
0x00007ffcb2790000 - 0x00007ffcb27a5000 	C:\Windows\System32\wshbth.dll
0x00007ffcb9930000 - 0x00007ffcb999a000 	C:\Windows\System32\fwpuclnt.dll
0x00007ffcc1e90000 - 0x00007ffcc1ebb000 	C:\Windows\SYSTEM32\bcrypt.dll
0x00007ffcb8440000 - 0x00007ffcb844a000 	C:\Windows\System32\rasadhlp.dll
0x0000000072d20000 - 0x0000000072d2d000 	C:\Program Files\Java\jdk1.8.0_20\jre\bin\management.dll
0x0000000072d00000 - 0x0000000072d1a000 	C:\Program Files\Java\jdk1.8.0_20\jre\bin\net.dll
0x00007ffcbacf0000 - 0x00007ffcbad06000 	C:\Windows\SYSTEM32\dhcpcsvc6.DLL
0x00007ffcba8b0000 - 0x00007ffcba8ca000 	C:\Windows\SYSTEM32\dhcpcsvc.DLL
0x0000000072ce0000 - 0x0000000072cf1000 	C:\Program Files\Java\jdk1.8.0_20\jre\bin\nio.dll
0x00007ffcc19c0000 - 0x00007ffcc19d7000 	C:\Windows\SYSTEM32\CRYPTSP.dll
0x00007ffcc1420000 - 0x00007ffcc1453000 	C:\Windows\system32\rsaenh.dll
0x00007ffcc16a0000 - 0x00007ffcc16bf000 	C:\Windows\SYSTEM32\USERENV.dll
0x00007ffcc1e80000 - 0x00007ffcc1e8b000 	C:\Windows\SYSTEM32\CRYPTBASE.dll
0x00007ffcbe9b0000 - 0x00007ffcbeb42000 	C:\Windows\SYSTEM32\dbghelp.dll

VM Arguments:
jvm_args: -agentlib:jdwp=transport=dt_socket,suspend=y,address=localhost:57946 -Dfile.encoding=UTF-8 
java_command: SpringBootApp
java_class_path (initial): H:\WorkSpace\java\intellect\target\classes;C:\Users\Naduvan\.m2\repository\org\springframework\boot\spring-boot-starter\1.5.2.RELEASE\spring-boot-starter-1.5.2.RELEASE.jar;C:\Users\Naduvan\.m2\repository\org\springframework\boot\spring-boot\1.5.2.RELEASE\spring-boot-1.5.2.RELEASE.jar;C:\Users\Naduvan\.m2\repository\org\springframework\spring-context\4.3.7.RELEASE\spring-context-4.3.7.RELEASE.jar;C:\Users\Naduvan\.m2\repository\org\springframework\boot\spring-boot-starter-logging\1.5.2.RELEASE\spring-boot-starter-logging-1.5.2.RELEASE.jar;C:\Users\Naduvan\.m2\repository\ch\qos\logback\logback-classic\1.1.11\logback-classic-1.1.11.jar;C:\Users\Naduvan\.m2\repository\ch\qos\logback\logback-core\1.1.11\logback-core-1.1.11.jar;C:\Users\Naduvan\.m2\repository\org\slf4j\slf4j-api\1.7.24\slf4j-api-1.7.24.jar;C:\Users\Naduvan\.m2\repository\org\slf4j\jcl-over-slf4j\1.7.24\jcl-over-slf4j-1.7.24.jar;C:\Users\Naduvan\.m2\repository\org\slf4j\jul-to-slf4j\1.7.24\jul-to-slf4j-1.7.24.jar;C:\Users\Naduvan\.m2\repository\org\slf4j\log4j-over-slf4j\1.7.24\log4j-over-slf4j-1.7.24.jar;C:\Users\Naduvan\.m2\repository\org\springframework\spring-core\4.3.7.RELEASE\spring-core-4.3.7.RELEASE.jar;C:\Users\Naduvan\.m2\repository\org\yaml\snakeyaml\1.17\snakeyaml-1.17.jar;C:\Users\Naduvan\.m2\repository\org\springframework\boot\spring-boot-starter-web\1.5.2.RELEASE\spring-boot-starter-web-1.5.2.RELEASE.jar;C:\Users\Naduvan\.m2\repository\org\springframework\boot\spring-boot-starter-tomcat\1.5.2.RELEASE\spring-boot-starter-tomcat-1.5.2.RELEASE.jar;C:\Users\Naduvan\.m2\repository\org\apache\tomcat\embed\tomcat-embed-core\8.5.11\tomcat-embed-core-8.5.11.jar;C:\Users\Naduvan\.m2\repository\org\apache\tomcat\embed\tomcat-embed-el\8.5.11\tomcat-embed-el-8.5.11.jar;C:\Users\Naduvan\.m2\repository\org\apache\tomcat\embed\tomcat-embed-websocket\8.5.11\tomcat-embed-websocket-8.5.11.jar;C:\Users\Naduvan\.m2\repository\org\hibernate\hibernate-validator\5.3.4.Final\hibernate-va
Launcher Type: SUN_STANDARD

Environment Variables:
JAVA_HOME=C:\Program Files\Java\jdk1.8.0_20
PATH=C:\Program Files\Java\jdk1.8.0_20\jre\bin;C:/Program Files/Java/jre1.8.0_20/bin/server;C:/Program Files/Java/jre1.8.0_20/bin;C:/Program Files/Java/jre1.8.0_20/lib/amd64;C:\ProgramData\Oracle\Java\javapath;C:\Program Files (x86)\Intel\iCLS Client\;C:\Program Files\Intel\iCLS Client\;C:\Windows\system32;C:\Windows;C:\Windows\System32\Wbem;C:\Windows\System32\WindowsPowerShell\v1.0\;C:\Program Files (x86)\Intel\Intel(R) Management Engine Components\DAL;C:\Program Files\Intel\Intel(R) Management Engine Components\DAL;C:\Program Files (x86)\Intel\Intel(R) Management Engine Components\IPT;C:\Program Files\Intel\Intel(R) Management Engine Components\IPT;C:\Program Files (x86)\Microsoft SQL Server\100\Tools\Binn\;C:\Program Files\Microsoft SQL Server\100\Tools\Binn\;C:\Program Files\Microsoft SQL Server\100\DTS\Binn\;C:\Program Files (x86)\Microsoft SQL Server\100\Tools\Binn\VSShell\Common7\IDE\;C:\Program Files (x86)\Microsoft Visual Studio 9.0\Common7\IDE\PrivateAssemblies\;C:\Program Files (x86)\Microsoft SQL Server\100\DTS\Binn\;C:\Program Files\PuTTY\;C:\Sdks_resp\android\platform-tools;C:\Users\Naduvan\AppData\Local\Microsoft\WindowsApps;;H:\eclipse_kepler\e2\eclipse;
USERNAME=Naduvan
OS=Windows_NT
PROCESSOR_IDENTIFIER=Intel64 Family 6 Model 78 Stepping 3, GenuineIntel



---------------  S Y S T E M  ---------------

OS: Windows 8.1 , 64 bit Build 9600 

CPU:total 4 (2 cores per cpu, 2 threads per core) family 6 model 78 stepping 3, cmov, cx8, fxsr, mmx, sse, sse2, sse3, ssse3, sse4.1, sse4.2, popcnt, avx, avx2, aes, clmul, erms, rtm, lzcnt, ht, tsc, tscinvbit, bmi1, bmi2

Memory: 4k page, physical 8253680k(2704576k free), swap 10521884k(2136064k free)

vm_info: Java HotSpot(TM) 64-Bit Server VM (25.20-b23) for windows-amd64 JRE (1.8.0_20-b26), built on Jul 30 2014 13:51:23 by "java_re" with MS VC++ 10.0 (VS2010)

time: Sat Nov 18 12:29:10 2017
elapsed time: 96 seconds (0d 0h 1m 36s)

